<?xml version="1.0" encoding="UTF-8"?>
<testsuite xmlns:xsi="http://www.w3.org/2001/XMLSchema-instance" xsi:noNamespaceSchemaLocation="https://maven.apache.org/surefire/maven-surefire-plugin/xsd/surefire-test-report-3.0.xsd" version="3.0" name="com.healthcare.medicationtracker.service.ReminderServiceTest" time="11.25" tests="3" errors="0" skipped="0" failures="0">
  <properties>
[...]
</properties>
  <testcase name="getDueRemindersTest" classname="com.healthcare.medicationtracker.service.ReminderServiceTest" time="0.165">
    <system-out><![CDATA[12:21:52.202 [main] INFO org.springframework.test.context.support.AnnotationConfigContextLoaderUtils -- Could not detect default configuration classes for test class [com.healthcare.medicationtracker.service.ReminderServiceTest]: ReminderServiceTest does not declare any static, non-private, non-final, nested classes annotated with @Configuration.
12:21:52.419 [main] INFO org.springframework.boot.test.context.SpringBootTestContextBootstrapper -- Found @SpringBootConfiguration com.healthcare.medicationtracker.MedicationTrackerApplication for test class com.healthcare.medicationtracker.service.ReminderServiceTest

  .   ____          _            __ _ _
 /\\ / ___'_ __ _ _(_)_ __  __ _ \ \ \ \
( ( )\___ | '_ | '_| | '_ \/ _` | \ \ \ \
 \\/  ___)| |_)| | | | | || (_| |  ) ) ) )
  '  |____| .__|_| |_|_| |_\__, | / / / /
 =========|_|==============|___/=/_/_/_/
 :: Spring Boot ::                (v3.2.0)

2025-10-27T12:21:53.214+05:30  INFO 23604 --- [medication-tracker] [           main] c.h.m.service.ReminderServiceTest        : Starting ReminderServiceTest using Java 21.0.4 with PID 23604 (started by sashedab in C:\Users\sashedab\OneDrive - Capgemini\Desktop\HealthCare Assistence\backend)
2025-10-27T12:21:53.214+05:30  INFO 23604 --- [medication-tracker] [           main] c.h.m.service.ReminderServiceTest        : No active profile set, falling back to 1 default profile: "default"
2025-10-27T12:21:54.277+05:30  INFO 23604 --- [medication-tracker] [           main] .s.d.r.c.RepositoryConfigurationDelegate : Bootstrapping Spring Data JPA repositories in DEFAULT mode.
2025-10-27T12:21:54.371+05:30  INFO 23604 --- [medication-tracker] [           main] .s.d.r.c.RepositoryConfigurationDelegate : Finished Spring Data repository scanning in 77 ms. Found 1 JPA repository interface.
2025-10-27T12:21:55.200+05:30  INFO 23604 --- [medication-tracker] [           main] o.hibernate.jpa.internal.util.LogHelper  : HHH000204: Processing PersistenceUnitInfo [name: default]
2025-10-27T12:21:55.319+05:30  INFO 23604 --- [medication-tracker] [           main] org.hibernate.Version                    : HHH000412: Hibernate ORM core version 6.3.1.Final
2025-10-27T12:21:55.391+05:30  INFO 23604 --- [medication-tracker] [           main] o.h.c.internal.RegionFactoryInitiator    : HHH000026: Second-level cache disabled
2025-10-27T12:21:55.943+05:30  INFO 23604 --- [medication-tracker] [           main] o.s.o.j.p.SpringPersistenceUnitInfo      : No LoadTimeWeaver setup: ignoring JPA class transformer
2025-10-27T12:21:56.010+05:30  INFO 23604 --- [medication-tracker] [           main] com.zaxxer.hikari.HikariDataSource       : HikariPool-1 - Starting...
2025-10-27T12:21:56.532+05:30  INFO 23604 --- [medication-tracker] [           main] com.zaxxer.hikari.pool.HikariPool        : HikariPool-1 - Added connection org.postgresql.jdbc.PgConnection@7f642bf
2025-10-27T12:21:56.540+05:30  INFO 23604 --- [medication-tracker] [           main] com.zaxxer.hikari.HikariDataSource       : HikariPool-1 - Start completed.
2025-10-27T12:21:56.608+05:30  WARN 23604 --- [medication-tracker] [           main] org.hibernate.orm.deprecation            : HHH90000025: PostgreSQLDialect does not need to be specified explicitly using 'hibernate.dialect' (remove the property setting and it will be selected by default)
2025-10-27T12:21:58.495+05:30  INFO 23604 --- [medication-tracker] [           main] o.h.e.t.j.p.i.JtaPlatformInitiator       : HHH000489: No JTA platform available (set 'hibernate.transaction.jta.platform' to enable JTA platform integration)
Hibernate: create table reminder (id bigserial not null, dosage varchar(255), end_date timestamp(6), frequency varchar(255), instructions varchar(255), interval_hours integer, last_taken_time timestamp(6), medication_name varchar(255), next_due_time timestamp(6), notes varchar(255), start_date timestamp(6), taken boolean not null, primary key (id))
2025-10-27T12:21:58.635+05:30  INFO 23604 --- [medication-tracker] [           main] j.LocalContainerEntityManagerFactoryBean : Initialized JPA EntityManagerFactory for persistence unit 'default'
2025-10-27T12:21:59.389+05:30  INFO 23604 --- [medication-tracker] [           main] o.s.d.j.r.query.QueryEnhancerFactory     : Hibernate is in classpath; If applicable, HQL parser will be used.
2025-10-27T12:22:00.505+05:30  WARN 23604 --- [medication-tracker] [           main] JpaBaseConfiguration$JpaWebConfiguration : spring.jpa.open-in-view is enabled by default. Therefore, database queries may be performed during view rendering. Explicitly configure spring.jpa.open-in-view to disable this warning
2025-10-27T12:22:01.340+05:30  INFO 23604 --- [medication-tracker] [           main] c.h.m.service.ReminderServiceTest        : Started ReminderServiceTest in 8.619 seconds (process running for 10.606)
Hibernate: select r1_0.id,r1_0.dosage,r1_0.end_date,r1_0.frequency,r1_0.instructions,r1_0.interval_hours,r1_0.last_taken_time,r1_0.medication_name,r1_0.next_due_time,r1_0.notes,r1_0.start_date,r1_0.taken from reminder r1_0 where r1_0.next_due_time<=? and r1_0.taken=false
]]></system-out>
    <system-err><![CDATA[WARNING: A Java agent has been loaded dynamically (C:\Users\sashedab\.m2\repository\net\bytebuddy\byte-buddy-agent\1.14.10\byte-buddy-agent-1.14.10.jar)
WARNING: If a serviceability tool is in use, please run with -XX:+EnableDynamicAgentLoading to hide this warning
WARNING: If a serviceability tool is not in use, please run with -Djdk.instrument.traceUsage for more information
WARNING: Dynamic loading of agents will be disallowed by default in a future release
]]></system-err>
  </testcase>
  <testcase name="markReminderAsTakenTest" classname="com.healthcare.medicationtracker.service.ReminderServiceTest" time="0.017"/>
  <testcase name="createReminderTest" classname="com.healthcare.medicationtracker.service.ReminderServiceTest" time="0.017"/>
</testsuite>